<?xml version="1.0" encoding="UTF-8"?>
<testsuite name="com.addressbook.AddressBooksTest" tests="1" skipped="0" failures="0" errors="0" timestamp="2020-05-22T18:10:52" hostname="KYOOLBABA" time="0.135">
  <properties/>
  <testcase name="givenContactsInfo_WhenSortedByFirstName" classname="com.addressbook.AddressBooksTest" time="0.135"/>
  <system-out><![CDATA[]]></system-out>
  <system-err><![CDATA[]]></system-err>
</testsuite>
