<?xml version="1.0" encoding="UTF-8"?>
<testsuite name="com.addressbook.AddressBooksTest" tests="1" skipped="0" failures="0" errors="0" timestamp="2020-05-22T17:14:17" hostname="KYOOLBABA" time="0.018">
  <properties/>
  <testcase name="givenContactsInfo_whenSearched_shouldReturnDetails" classname="com.addressbook.AddressBooksTest" time="0.018"/>
  <system-out><![CDATA[Person{firstName='Rakesh', lastName='kumar', address='HSRLayout', pincode=12896, city='Bangalore', state='Karnataka', phoneNumber=4561327891}
]]></system-out>
  <system-err><![CDATA[]]></system-err>
</testsuite>
