<?xml version="1.0" encoding="UTF-8"?>
<testsuite name="com.addressbook.AddressBooksTest" tests="1" skipped="0" failures="0" errors="0" timestamp="2020-05-23T04:02:56" hostname="KYOOLBABA" time="0.085">
  <properties/>
  <testcase name="givenContactsInfo_whenUpdated_shouldReflectTheChangedData" classname="com.addressbook.AddressBooksTest" time="0.085"/>
  <system-out><![CDATA[]]></system-out>
  <system-err><![CDATA[]]></system-err>
</testsuite>
